2024.07.18, 23:33:19.0466 UTC -> POST /api/auth/login - Error: data and hash arguments required
2024.07.18, 23:33:19.0472 UTC -> POST /api/auth/login - Error: data and hash arguments required
2024.07.18, 23:36:13.0933 UTC -> POST /api/auth/login - Error: data and hash arguments required
2024.07.20, 08:53:32.0905 UTC -> POST /api/auth/login - PrismaClientValidationError: 
Invalid `prisma.user.findUnique()` invocation:

{
  where: {
    email: undefined,
?   id?: String,
?   AND?: UserWhereInput | UserWhereInput[],
?   OR?: UserWhereInput[],
?   NOT?: UserWhereInput | UserWhereInput[],
?   password?: StringFilter | String,
?   fullName?: StringFilter | String,
?   imageURL?: StringFilter | String,
?   createdAt?: DateTimeFilter | DateTime,
?   updatedAt?: DateTimeFilter | DateTime,
?   age?: IntFilter | Int,
?   role?: EnumRoleFilter | Role,
?   bio?: StringFilter | String,
?   badges?: EnumActivityBadgeNullableListFilter,
?   level?: EnumLevelFilter | Level,
?   verified?: BoolFilter | Boolean,
?   TFA?: BoolFilter | Boolean,
?   OTP?: StringFilter | String,
?   TTL?: StringFilter | String,
?   links?: StringNullableListFilter,
?   followerIds?: IntNullableListFilter,
?   followingIds?: IntNullableListFilter,
?   reports?: UserReportListRelationFilter,
?   issues?: IssueListRelationFilter
  }
}

Argument `where` of type UserWhereUniqueInput needs at least one of `id` or `email` arguments. Available options are marked with ?.
